<?xml version="1.0" encoding="UTF-8"?>
<!-- Generated by org.testng.reporters.JUnitReportReporter -->
<testsuite hostname="DESKTOP-I0JSKAF" failures="0" tests="5" name="testScripts.TC001_GET_ALL_Employees" time="0.040" errors="0" timestamp="2020-05-17T02:58:35 EDT" skipped="0">
  <testcase classname="testScripts.TC001_GET_ALL_Employees" name="checkStatusLine" time="0.002"/>
  <system-out/>
  <testcase classname="testScripts.TC001_GET_ALL_Employees" name="checkGetTime" time="0.007"/>
  <system-out/>
  <testcase classname="testScripts.TC001_GET_ALL_Employees" name="checkStatusCode" time="0.005"/>
  <system-out/>
  <testcase classname="testScripts.TC001_GET_ALL_Employees" name="checkingContentType" time="0.002"/>
  <system-out/>
  <testcase classname="testScripts.TC001_GET_ALL_Employees" name="checkingBody" time="0.024"/>
  <system-out/>
</testsuite> <!-- testScripts.TC001_GET_ALL_Employees -->
