<?xml version="1.0" encoding="UTF-8"?>
<!-- Generated by org.testng.reporters.JUnitReportReporter -->
<testsuite hostname="DESKTOP-I0JSKAF" failures="0" tests="5" name="testScripts.TC003_Create_New_Employee" time="0.000" errors="0" timestamp="2020-05-17T14:18:13 EDT" skipped="0">
  <testcase classname="testScripts.TC003_Create_New_Employee" name="checkingContentType" time="0.000"/>
  <system-out/>
  <testcase classname="testScripts.TC003_Create_New_Employee" name="checkGetTime" time="0.000"/>
  <system-out/>
  <testcase classname="testScripts.TC003_Create_New_Employee" name="checkStatusLine" time="0.000"/>
  <system-out/>
  <testcase classname="testScripts.TC003_Create_New_Employee" name="checkStatusCode" time="0.000"/>
  <system-out/>
  <testcase classname="testScripts.TC003_Create_New_Employee" name="checkingBody" time="0.000"/>
  <system-out/>
</testsuite> <!-- testScripts.TC003_Create_New_Employee -->
